# JRE version: Java(TM) SE Runtime Environment (7.0_55-b13) (build 1.7.0_55-b13)
# Java VM: Java HotSpot(TM) 64-Bit Server VM (24.55-b03 mixed mode linux-amd64 compressed oops)
Heap
 PSYoungGen      total 130560K, used 8699K [0x00000000ec000000, 0x00000000f4900000, 0x0000000100000000)
  eden space 121856K, 0% used [0x00000000ec000000,0x00000000ec000000,0x00000000f3700000)
  from space 8704K, 99% used [0x00000000f3700000,0x00000000f3f7ed70,0x00000000f3f80000)
  to   space 7680K, 0% used [0x00000000f3f80000,0x00000000f3f80000,0x00000000f4700000)
 ParOldGen       total 40960K, used 30618K [0x00000000c4000000, 0x00000000c6800000, 0x00000000ec000000)
  object space 40960K, 74% used [0x00000000c4000000,0x00000000c5de6a48,0x00000000c6800000)
 PSPermGen       total 21504K, used 17603K [0x00000000bee00000, 0x00000000c0300000, 0x00000000c4000000)
  object space 21504K, 81% used [0x00000000bee00000,0x00000000bff30e98,0x00000000c0300000)
GC Heap History (10 events):
Event: 2,297 GC heap after
Heap after GC invocations=2 (full 0):
 PSYoungGen      total 33280K, used 2263K [0x00000000ec000000, 0x00000000ee300000, 0x0000000100000000)
  eden space 30720K, 0% used [0x00000000ec000000,0x00000000ec000000,0x00000000ede00000)
  from space 2560K, 88% used [0x00000000ee080000,0x00000000ee2b5dc8,0x00000000ee300000)
  to   space 2560K, 0% used [0x00000000ede00000,0x00000000ede00000,0x00000000ee080000)
 ParOldGen       total 40960K, used 735K [0x00000000c4000000, 0x00000000c6800000, 0x00000000ec000000)
  object space 40960K, 1% used [0x00000000c4000000,0x00000000c40b7d30,0x00000000c6800000)
 PSPermGen       total 21504K, used 7178K [0x00000000bee00000, 0x00000000c0300000, 0x00000000c4000000)
  object space 21504K, 33% used [0x00000000bee00000,0x00000000bf5028d8,0x00000000c0300000)
}
Event: 4,129 GC heap before
{Heap before GC invocations=3 (full 0):
 PSYoungGen      total 33280K, used 32983K [0x00000000ec000000, 0x00000000ee300000, 0x0000000100000000)
  eden space 30720K, 100% used [0x00000000ec000000,0x00000000ede00000,0x00000000ede00000)
  from space 2560K, 88% used [0x00000000ee080000,0x00000000ee2b5dc8,0x00000000ee300000)
  to   space 2560K, 0% used [0x00000000ede00000,0x00000000ede00000,0x00000000ee080000)
 ParOldGen       total 40960K, used 735K [0x00000000c4000000, 0x00000000c6800000, 0x00000000ec000000)
  object space 40960K, 1% used [0x00000000c4000000,0x00000000c40b7d30,0x00000000c6800000)
 PSPermGen       total 21504K, used 11398K [0x00000000bee00000, 0x00000000c0300000, 0x00000000c4000000)
  object space 21504K, 53% used [0x00000000bee00000,0x00000000bf921be8,0x00000000c0300000)
Event: 4,142 GC heap after
Heap after GC invocations=3 (full 0):
 PSYoungGen      total 33280K, used 2560K [0x00000000ec000000, 0x00000000f0100000, 0x0000000100000000)
  eden space 30720K, 0% used [0x00000000ec000000,0x00000000ec000000,0x00000000ede00000)
  from space 2560K, 100% used [0x00000000ede00000,0x00000000ee080000,0x00000000ee080000)
  to   space 2560K, 0% used [0x00000000efe80000,0x00000000efe80000,0x00000000f0100000)
 ParOldGen       total 40960K, used 4292K [0x00000000c4000000, 0x00000000c6800000, 0x00000000ec000000)
  object space 40960K, 10% used [0x00000000c4000000,0x00000000c4431370,0x00000000c6800000)
 PSPermGen       total 21504K, used 11398K [0x00000000bee00000, 0x00000000c0300000, 0x00000000c4000000)
  object space 21504K, 53% used [0x00000000bee00000,0x00000000bf921be8,0x00000000c0300000)
}
Event: 6,143 GC heap before
{Heap before GC invocations=4 (full 0):
 PSYoungGen      total 33280K, used 33280K [0x00000000ec000000, 0x00000000f0100000, 0x0000000100000000)
  eden space 30720K, 100% used [0x00000000ec000000,0x00000000ede00000,0x00000000ede00000)
  from space 2560K, 100% used [0x00000000ede00000,0x00000000ee080000,0x00000000ee080000)
  to   space 2560K, 0% used [0x00000000efe80000,0x00000000efe80000,0x00000000f0100000)
 ParOldGen       total 40960K, used 4292K [0x00000000c4000000, 0x00000000c6800000, 0x00000000ec000000)
  object space 40960K, 10% used [0x00000000c4000000,0x00000000c4431370,0x00000000c6800000)
 PSPermGen       total 21504K, used 12191K [0x00000000bee00000, 0x00000000c0300000, 0x00000000c4000000)
  object space 21504K, 56% used [0x00000000bee00000,0x00000000bf9e7da8,0x00000000c0300000)
Event: 6,161 GC heap after
Heap after GC invocations=4 (full 0):
 PSYoungGen      total 64000K, used 2544K [0x00000000ec000000, 0x00000000f0100000, 0x0000000100000000)
  eden space 61440K, 0% used [0x00000000ec000000,0x00000000ec000000,0x00000000efc00000)
  from space 2560K, 99% used [0x00000000efe80000,0x00000000f00fc010,0x00000000f0100000)
  to   space 2560K, 0% used [0x00000000efc00000,0x00000000efc00000,0x00000000efe80000)
 ParOldGen       total 40960K, used 7005K [0x00000000c4000000, 0x00000000c6800000, 0x00000000ec000000)
  object space 40960K, 17% used [0x00000000c4000000,0x00000000c46d7698,0x00000000c6800000)
 PSPermGen       total 21504K, used 12191K [0x00000000bee00000, 0x00000000c0300000, 0x00000000c4000000)
  object space 21504K, 56% used [0x00000000bee00000,0x00000000bf9e7da8,0x00000000c0300000)
}
Event: 10,663 GC heap before
{Heap before GC invocations=5 (full 0):
 PSYoungGen      total 64000K, used 63984K [0x00000000ec000000, 0x00000000f0100000, 0x0000000100000000)
  eden space 61440K, 100% used [0x00000000ec000000,0x00000000efc00000,0x00000000efc00000)
  from space 2560K, 99% used [0x00000000efe80000,0x00000000f00fc010,0x00000000f0100000)
  to   space 2560K, 0% used [0x00000000efc00000,0x00000000efc00000,0x00000000efe80000)
 ParOldGen       total 40960K, used 7005K [0x00000000c4000000, 0x00000000c6800000, 0x00000000ec000000)
  object space 40960K, 17% used [0x00000000c4000000,0x00000000c46d7698,0x00000000c6800000)
 PSPermGen       total 21504K, used 12696K [0x00000000bee00000, 0x00000000c0300000, 0x00000000c4000000)
  object space 21504K, 59% used [0x00000000bee00000,0x00000000bfa662f8,0x00000000c0300000)
Event: 10,695 GC heap after
Heap after GC invocations=5 (full 0):
 PSYoungGen      total 64000K, used 2544K [0x00000000ec000000, 0x00000000f4700000, 0x0000000100000000)
  eden space 61440K, 0% used [0x00000000ec000000,0x00000000ec000000,0x00000000efc00000)
  from space 2560K, 99% used [0x00000000efc00000,0x00000000efe7c010,0x00000000efe80000)
  to   space 7680K, 0% used [0x00000000f3f80000,0x00000000f3f80000,0x00000000f4700000)
 ParOldGen       total 40960K, used 9821K [0x00000000c4000000, 0x00000000c6800000, 0x00000000ec000000)
  object space 40960K, 23% used [0x00000000c4000000,0x00000000c4997680,0x00000000c6800000)
 PSPermGen       total 21504K, used 12696K [0x00000000bee00000, 0x00000000c0300000, 0x00000000c4000000)
  object space 21504K, 59% used [0x00000000bee00000,0x00000000bfa662f8,0x00000000c0300000)
}
Event: 15,092 GC heap before
{Heap before GC invocations=6 (full 0):
 PSYoungGen      total 64000K, used 63984K [0x00000000ec000000, 0x00000000f4700000, 0x0000000100000000)
  eden space 61440K, 100% used [0x00000000ec000000,0x00000000efc00000,0x00000000efc00000)
  from space 2560K, 99% used [0x00000000efc00000,0x00000000efe7c010,0x00000000efe80000)
  to   space 7680K, 0% used [0x00000000f3f80000,0x00000000f3f80000,0x00000000f4700000)
 ParOldGen       total 40960K, used 9821K [0x00000000c4000000, 0x00000000c6800000, 0x00000000ec000000)
  object space 40960K, 23% used [0x00000000c4000000,0x00000000c4997680,0x00000000c6800000)
 PSPermGen       total 21504K, used 16535K [0x00000000bee00000, 0x00000000c0300000, 0x00000000c4000000)
  object space 21504K, 76% used [0x00000000bee00000,0x00000000bfe25c98,0x00000000c0300000)
Event: 15,150 GC heap after
Heap after GC invocations=6 (full 0):
 PSYoungGen      total 129536K, used 7053K [0x00000000ec000000, 0x00000000f4900000, 0x0000000100000000)
  eden space 121856K, 0% used [0x00000000ec000000,0x00000000ec000000,0x00000000f3700000)
  from space 7680K, 91% used [0x00000000f3f80000,0x00000000f46636f8,0x00000000f4700000)
  to   space 8704K, 0% used [0x00000000f3700000,0x00000000f3700000,0x00000000f3f80000)
 ParOldGen       total 40960K, used 9821K [0x00000000c4000000, 0x00000000c6800000, 0x00000000ec000000)
  object space 40960K, 23% used [0x00000000c4000000,0x00000000c4997680,0x00000000c6800000)
 PSPermGen       total 21504K, used 16535K [0x00000000bee00000, 0x00000000c0300000, 0x00000000c4000000)
  object space 21504K, 76% used [0x00000000bee00000,0x00000000bfe25c98,0x00000000c0300000)
}
Event: 23,154 GC heap before
{Heap before GC invocations=7 (full 0):
 PSYoungGen      total 129536K, used 128909K [0x00000000ec000000, 0x00000000f4900000, 0x0000000100000000)
  eden space 121856K, 100% used [0x00000000ec000000,0x00000000f3700000,0x00000000f3700000)
  from space 7680K, 91% used [0x00000000f3f80000,0x00000000f46636f8,0x00000000f4700000)
  to   space 8704K, 0% used [0x00000000f3700000,0x00000000f3700000,0x00000000f3f80000)
 ParOldGen       total 40960K, used 9821K [0x00000000c4000000, 0x00000000c6800000, 0x00000000ec000000)
  object space 40960K, 23% used [0x00000000c4000000,0x00000000c4997680,0x00000000c6800000)
 PSPermGen       total 21504K, used 17603K [0x00000000bee00000, 0x00000000c0300000, 0x00000000c4000000)
  object space 21504K, 81% used [0x00000000bee00000,0x00000000bff30e98,0x00000000c0300000)

