# JRE version: Java(TM) SE Runtime Environment (7.0_55-b13) (build 1.7.0_55-b13)
# Java VM: Java HotSpot(TM) 64-Bit Server VM (24.55-b03 mixed mode linux-amd64 compressed oops)
Heap
 PSYoungGen      total 131584K, used 8677K [0x00000000ec000000, 0x00000000f4900000, 0x0000000100000000)
  eden space 122880K, 0% used [0x00000000ec000000,0x00000000ec000000,0x00000000f3800000)
  from space 8704K, 99% used [0x00000000f3800000,0x00000000f4079798,0x00000000f4080000)
  to   space 8704K, 0% used [0x00000000f4080000,0x00000000f4080000,0x00000000f4900000)
 ParOldGen       total 40960K, used 35466K [0x00000000c4000000, 0x00000000c6800000, 0x00000000ec000000)
  object space 40960K, 86% used [0x00000000c4000000,0x00000000c62a2a28,0x00000000c6800000)
 PSPermGen       total 21504K, used 20503K [0x00000000bee00000, 0x00000000c0300000, 0x00000000c4000000)
  object space 21504K, 95% used [0x00000000bee00000,0x00000000c0205fc8,0x00000000c0300000)
GC Heap History (10 events):
Event: 1,361 GC heap after
Heap after GC invocations=2 (full 0):
 PSYoungGen      total 33280K, used 2199K [0x00000000ec000000, 0x00000000ee300000, 0x0000000100000000)
  eden space 30720K, 0% used [0x00000000ec000000,0x00000000ec000000,0x00000000ede00000)
  from space 2560K, 85% used [0x00000000ee080000,0x00000000ee2a5dc8,0x00000000ee300000)
  to   space 2560K, 0% used [0x00000000ede00000,0x00000000ede00000,0x00000000ee080000)
 ParOldGen       total 40960K, used 728K [0x00000000c4000000, 0x00000000c6800000, 0x00000000ec000000)
  object space 40960K, 1% used [0x00000000c4000000,0x00000000c40b6050,0x00000000c6800000)
 PSPermGen       total 21504K, used 7178K [0x00000000bee00000, 0x00000000c0300000, 0x00000000c4000000)
  object space 21504K, 33% used [0x00000000bee00000,0x00000000bf5028b8,0x00000000c0300000)
}
Event: 2,230 GC heap before
{Heap before GC invocations=3 (full 0):
 PSYoungGen      total 33280K, used 32919K [0x00000000ec000000, 0x00000000ee300000, 0x0000000100000000)
  eden space 30720K, 100% used [0x00000000ec000000,0x00000000ede00000,0x00000000ede00000)
  from space 2560K, 85% used [0x00000000ee080000,0x00000000ee2a5dc8,0x00000000ee300000)
  to   space 2560K, 0% used [0x00000000ede00000,0x00000000ede00000,0x00000000ee080000)
 ParOldGen       total 40960K, used 728K [0x00000000c4000000, 0x00000000c6800000, 0x00000000ec000000)
  object space 40960K, 1% used [0x00000000c4000000,0x00000000c40b6050,0x00000000c6800000)
 PSPermGen       total 21504K, used 11405K [0x00000000bee00000, 0x00000000c0300000, 0x00000000c4000000)
  object space 21504K, 53% used [0x00000000bee00000,0x00000000bf9237b8,0x00000000c0300000)
Event: 2,239 GC heap after
Heap after GC invocations=3 (full 0):
 PSYoungGen      total 33280K, used 2528K [0x00000000ec000000, 0x00000000f0100000, 0x0000000100000000)
  eden space 30720K, 0% used [0x00000000ec000000,0x00000000ec000000,0x00000000ede00000)
  from space 2560K, 98% used [0x00000000ede00000,0x00000000ee078020,0x00000000ee080000)
  to   space 2560K, 0% used [0x00000000efe80000,0x00000000efe80000,0x00000000f0100000)
 ParOldGen       total 40960K, used 4292K [0x00000000c4000000, 0x00000000c6800000, 0x00000000ec000000)
  object space 40960K, 10% used [0x00000000c4000000,0x00000000c4431000,0x00000000c6800000)
 PSPermGen       total 21504K, used 11405K [0x00000000bee00000, 0x00000000c0300000, 0x00000000c4000000)
  object space 21504K, 53% used [0x00000000bee00000,0x00000000bf9237b8,0x00000000c0300000)
}
Event: 3,263 GC heap before
{Heap before GC invocations=4 (full 0):
 PSYoungGen      total 33280K, used 33248K [0x00000000ec000000, 0x00000000f0100000, 0x0000000100000000)
  eden space 30720K, 100% used [0x00000000ec000000,0x00000000ede00000,0x00000000ede00000)
  from space 2560K, 98% used [0x00000000ede00000,0x00000000ee078020,0x00000000ee080000)
  to   space 2560K, 0% used [0x00000000efe80000,0x00000000efe80000,0x00000000f0100000)
 ParOldGen       total 40960K, used 4292K [0x00000000c4000000, 0x00000000c6800000, 0x00000000ec000000)
  object space 40960K, 10% used [0x00000000c4000000,0x00000000c4431000,0x00000000c6800000)
 PSPermGen       total 21504K, used 12194K [0x00000000bee00000, 0x00000000c0300000, 0x00000000c4000000)
  object space 21504K, 56% used [0x00000000bee00000,0x00000000bf9e8b08,0x00000000c0300000)
Event: 3,274 GC heap after
Heap after GC invocations=4 (full 0):
 PSYoungGen      total 64000K, used 2560K [0x00000000ec000000, 0x00000000f0100000, 0x0000000100000000)
  eden space 61440K, 0% used [0x00000000ec000000,0x00000000ec000000,0x00000000efc00000)
  from space 2560K, 100% used [0x00000000efe80000,0x00000000f0100000,0x00000000f0100000)
  to   space 2560K, 0% used [0x00000000efc00000,0x00000000efc00000,0x00000000efe80000)
 ParOldGen       total 40960K, used 7020K [0x00000000c4000000, 0x00000000c6800000, 0x00000000ec000000)
  object space 40960K, 17% used [0x00000000c4000000,0x00000000c46db318,0x00000000c6800000)
 PSPermGen       total 21504K, used 12194K [0x00000000bee00000, 0x00000000c0300000, 0x00000000c4000000)
  object space 21504K, 56% used [0x00000000bee00000,0x00000000bf9e8b08,0x00000000c0300000)
}
Event: 6,192 GC heap before
{Heap before GC invocations=5 (full 0):
 PSYoungGen      total 64000K, used 64000K [0x00000000ec000000, 0x00000000f0100000, 0x0000000100000000)
  eden space 61440K, 100% used [0x00000000ec000000,0x00000000efc00000,0x00000000efc00000)
  from space 2560K, 100% used [0x00000000efe80000,0x00000000f0100000,0x00000000f0100000)
  to   space 2560K, 0% used [0x00000000efc00000,0x00000000efc00000,0x00000000efe80000)
 ParOldGen       total 40960K, used 7020K [0x00000000c4000000, 0x00000000c6800000, 0x00000000ec000000)
  object space 40960K, 17% used [0x00000000c4000000,0x00000000c46db318,0x00000000c6800000)
 PSPermGen       total 21504K, used 15821K [0x00000000bee00000, 0x00000000c0300000, 0x00000000c4000000)
  object space 21504K, 73% used [0x00000000bee00000,0x00000000bfd73640,0x00000000c0300000)
Event: 6,211 GC heap after
Heap after GC invocations=5 (full 0):
 PSYoungGen      total 64000K, used 2560K [0x00000000ec000000, 0x00000000f4900000, 0x0000000100000000)
  eden space 61440K, 0% used [0x00000000ec000000,0x00000000ec000000,0x00000000efc00000)
  from space 2560K, 100% used [0x00000000efc00000,0x00000000efe80000,0x00000000efe80000)
  to   space 8704K, 0% used [0x00000000f4080000,0x00000000f4080000,0x00000000f4900000)
 ParOldGen       total 40960K, used 11661K [0x00000000c4000000, 0x00000000c6800000, 0x00000000ec000000)
  object space 40960K, 28% used [0x00000000c4000000,0x00000000c4b63678,0x00000000c6800000)
 PSPermGen       total 21504K, used 15821K [0x00000000bee00000, 0x00000000c0300000, 0x00000000c4000000)
  object space 21504K, 73% used [0x00000000bee00000,0x00000000bfd73640,0x00000000c0300000)
}
Event: 10,672 GC heap before
{Heap before GC invocations=6 (full 0):
 PSYoungGen      total 64000K, used 64000K [0x00000000ec000000, 0x00000000f4900000, 0x0000000100000000)
  eden space 61440K, 100% used [0x00000000ec000000,0x00000000efc00000,0x00000000efc00000)
  from space 2560K, 100% used [0x00000000efc00000,0x00000000efe80000,0x00000000efe80000)
  to   space 8704K, 0% used [0x00000000f4080000,0x00000000f4080000,0x00000000f4900000)
 ParOldGen       total 40960K, used 11661K [0x00000000c4000000, 0x00000000c6800000, 0x00000000ec000000)
  object space 40960K, 28% used [0x00000000c4000000,0x00000000c4b63678,0x00000000c6800000)
 PSPermGen       total 21504K, used 16258K [0x00000000bee00000, 0x00000000c0300000, 0x00000000c4000000)
  object space 21504K, 75% used [0x00000000bee00000,0x00000000bfde0918,0x00000000c0300000)
Event: 10,696 GC heap after
Heap after GC invocations=6 (full 0):
 PSYoungGen      total 131584K, used 5307K [0x00000000ec000000, 0x00000000f4900000, 0x0000000100000000)
  eden space 122880K, 0% used [0x00000000ec000000,0x00000000ec000000,0x00000000f3800000)
  from space 8704K, 60% used [0x00000000f4080000,0x00000000f45aec70,0x00000000f4900000)
  to   space 8704K, 0% used [0x00000000f3800000,0x00000000f3800000,0x00000000f4080000)
 ParOldGen       total 40960K, used 11661K [0x00000000c4000000, 0x00000000c6800000, 0x00000000ec000000)
  object space 40960K, 28% used [0x00000000c4000000,0x00000000c4b63678,0x00000000c6800000)
 PSPermGen       total 21504K, used 16258K [0x00000000bee00000, 0x00000000c0300000, 0x00000000c4000000)
  object space 21504K, 75% used [0x00000000bee00000,0x00000000bfde0918,0x00000000c0300000)
}
Event: 15,893 GC heap before
{Heap before GC invocations=7 (full 0):
 PSYoungGen      total 131584K, used 128187K [0x00000000ec000000, 0x00000000f4900000, 0x0000000100000000)
  eden space 122880K, 100% used [0x00000000ec000000,0x00000000f3800000,0x00000000f3800000)
  from space 8704K, 60% used [0x00000000f4080000,0x00000000f45aec70,0x00000000f4900000)
  to   space 8704K, 0% used [0x00000000f3800000,0x00000000f3800000,0x00000000f4080000)
 ParOldGen       total 40960K, used 11661K [0x00000000c4000000, 0x00000000c6800000, 0x00000000ec000000)
  object space 40960K, 28% used [0x00000000c4000000,0x00000000c4b63678,0x00000000c6800000)
 PSPermGen       total 21504K, used 20503K [0x00000000bee00000, 0x00000000c0300000, 0x00000000c4000000)
  object space 21504K, 95% used [0x00000000bee00000,0x00000000c0205fc8,0x00000000c0300000)

